<?xml version="1.0" encoding="UTF-8"?>
<!-- Generated by org.testng.reporters.JUnitXMLReporter -->
<testsuite ignored="0" hostname="sf-cpu-558" failures="0" tests="2" name="Default test" time="0.03" errors="0" timestamp="2023-09-05T22:02:34 IST">
  <testcase classname="base.Base" name="@BeforeSuite Setupbrowser" time="-1.693931554546E9">
    <failure type="org.testng.TestNGException" message="
Parameter &amp;apos;browser&amp;apos; is required by BeforeSuite on method Setupbrowser but has not been marked @Optional or defined
in /tmp/testng-eclipse--1179253906/testng-customsuite.xml">
      <![CDATA[org.testng.TestNGException: 
Parameter 'browser' is required by BeforeSuite on method Setupbrowser but has not been marked @Optional or defined
in /tmp/testng-eclipse--1179253906/testng-customsuite.xml
at org.testng.internal.Parameters.createParams(Parameters.java:267)
at org.testng.internal.Parameters.createParametersForMethod(Parameters.java:355)
at org.testng.internal.Parameters.createParameters(Parameters.java:684)
at org.testng.internal.Parameters.createConfigurationParameters(Parameters.java:166)
at org.testng.internal.invokers.ConfigInvoker.invokeConfigurations(ConfigInvoker.java:306)
at org.testng.SuiteRunner.privateRun(SuiteRunner.java:382)
at org.testng.SuiteRunner.run(SuiteRunner.java:336)
at org.testng.SuiteRunnerWorker.runSuite(SuiteRunnerWorker.java:52)
at org.testng.SuiteRunnerWorker.run(SuiteRunnerWorker.java:95)
at org.testng.TestNG.runSuitesSequentially(TestNG.java:1280)
at org.testng.TestNG.runSuitesLocally(TestNG.java:1200)
at org.testng.TestNG.runSuites(TestNG.java:1114)
at org.testng.TestNG.run(TestNG.java:1082)
at org.testng.remote.AbstractRemoteTestNG.run(AbstractRemoteTestNG.java:115)
at org.testng.remote.RemoteTestNG.initAndRun(RemoteTestNG.java:251)
at org.testng.remote.RemoteTestNG.main(RemoteTestNG.java:77)
]]>
    </failure>
  </testcase> <!-- @BeforeSuite Setupbrowser -->
  <testcase classname="toolsqa_tests.Form_test" name="@BeforeTest Setupbrowser" time="0.0">
    <skipped/>
  </testcase> <!-- @BeforeTest Setupbrowser -->
  <testcase classname="toolsqa_tests.Form_test" name="@AfterMethod getanalysis" time="0.0">
    <skipped/>
  </testcase> <!-- @AfterMethod getanalysis -->
  <testcase classname="toolsqa_tests.Form_test" name="@AfterMethod getanalysis" time="0.0">
    <skipped/>
  </testcase> <!-- @AfterMethod getanalysis -->
  <testcase classname="toolsqa_tests.Form_test" name="ClickOnFormBtn" time="0.0">
    <skipped/>
  </testcase> <!-- ClickOnFormBtn -->
  <testcase classname="toolsqa_tests.Form_test" name="FillForm" time="0.0">
    <skipped/>
  </testcase> <!-- FillForm -->
</testsuite> <!-- Default test -->
