<?xml version="1.0" encoding="UTF-8"?>
<!-- Generated by org.testng.reporters.JUnitXMLReporter -->
<testsuite ignored="0" hostname="sf-cpu-558" failures="0" tests="3" name="Toolsqa_test" time="0.032" errors="0" timestamp="2023-09-05T20:34:07 IST">
  <testcase classname="base.Base" name="@BeforeSuite Setupbrowser" time="13.033">
    <failure type="org.openqa.selenium.SessionNotCreatedException" message="Could not start a new session. Response code 500. Message: unknown error: Chrome failed to start: exited abnormally.
  (unknown error: DevToolsActivePort file doesn&amp;apos;t exist)
  (The process started from chrome location /usr/bin/google-chrome is no longer running, so ChromeDriver is assuming that Chrome has crashed.) 
Host info: host: &amp;apos;sf-cpu-558&amp;apos;, ip: &amp;apos;127.0.1.1&amp;apos;
Build info: version: &amp;apos;4.10.0&amp;apos;, revision: &amp;apos;c14d967899&amp;apos;
System info: os.name: &amp;apos;Linux&amp;apos;, os.arch: &amp;apos;amd64&amp;apos;, os.version: &amp;apos;5.15.0-79-generic&amp;apos;, java.version: &amp;apos;17.0.8&amp;apos;
Driver info: org.openqa.selenium.chrome.ChromeDriver
Command: [null, newSession {capabilities=[Capabilities {browserName: chrome, goog:chromeOptions: {args: [--remote-allow-origins=*], extensions: []}}]}]">
      <![CDATA[org.openqa.selenium.SessionNotCreatedException: Could not start a new session. Response code 500. Message: unknown error: Chrome failed to start: exited abnormally.
  (unknown error: DevToolsActivePort file doesn't exist)
  (The process started from chrome location /usr/bin/google-chrome is no longer running, so ChromeDriver is assuming that Chrome has crashed.) 
Host info: host: 'sf-cpu-558', ip: '127.0.1.1'
Build info: version: '4.10.0', revision: 'c14d967899'
System info: os.name: 'Linux', os.arch: 'amd64', os.version: '5.15.0-79-generic', java.version: '17.0.8'
Driver info: org.openqa.selenium.chrome.ChromeDriver
Command: [null, newSession {capabilities=[Capabilities {browserName: chrome, goog:chromeOptions: {args: [--remote-allow-origins=*], extensions: []}}]}]
at org.openqa.selenium.remote.ProtocolHandshake.createSession(ProtocolHandshake.java:140)
at org.openqa.selenium.remote.ProtocolHandshake.createSession(ProtocolHandshake.java:96)
at org.openqa.selenium.remote.ProtocolHandshake.createSession(ProtocolHandshake.java:68)
at org.openqa.selenium.remote.HttpCommandExecutor.execute(HttpCommandExecutor.java:163)
at org.openqa.selenium.remote.service.DriverCommandExecutor.invokeExecute(DriverCommandExecutor.java:196)
at org.openqa.selenium.remote.service.DriverCommandExecutor.execute(DriverCommandExecutor.java:171)
at org.openqa.selenium.remote.RemoteWebDriver.execute(RemoteWebDriver.java:531)
at org.openqa.selenium.remote.RemoteWebDriver.startSession(RemoteWebDriver.java:227)
at org.openqa.selenium.remote.RemoteWebDriver.<init>(RemoteWebDriver.java:154)
at org.openqa.selenium.chromium.ChromiumDriver.<init>(ChromiumDriver.java:107)
at org.openqa.selenium.chrome.ChromeDriver.<init>(ChromeDriver.java:87)
at org.openqa.selenium.chrome.ChromeDriver.<init>(ChromeDriver.java:82)
at org.openqa.selenium.chrome.ChromeDriver.<init>(ChromeDriver.java:50)
at base.Base.Setupbrowser(Base.java:60)
... Removed 19 stack frames]]>
    </failure>
  </testcase> <!-- @BeforeSuite Setupbrowser -->
  <testcase classname="toolsqa_tests.Toolsqa_test" name="@BeforeTest Setupbrowser" time="0.0">
    <skipped/>
  </testcase> <!-- @BeforeTest Setupbrowser -->
  <testcase classname="base.Base" name="@AfterMethod getanalysis" time="0.0">
    <skipped/>
  </testcase> <!-- @AfterMethod getanalysis -->
  <testcase classname="base.Base" name="@AfterMethod getanalysis" time="0.0">
    <skipped/>
  </testcase> <!-- @AfterMethod getanalysis -->
  <testcase classname="base.Base" name="@AfterMethod getanalysis" time="0.0">
    <skipped/>
  </testcase> <!-- @AfterMethod getanalysis -->
  <testcase classname="toolsqa_tests.Toolsqa_test" name="VerifyTitle" time="0.0">
    <skipped/>
  </testcase> <!-- VerifyTitle -->
  <testcase classname="toolsqa_tests.Toolsqa_test" name="clickonElement" time="0.0">
    <skipped/>
  </testcase> <!-- clickonElement -->
  <testcase classname="toolsqa_tests.Toolsqa_test" name="FillForm" time="0.0">
    <skipped/>
  </testcase> <!-- FillForm -->
</testsuite> <!-- Toolsqa_test -->
